<?xml version="1.0" encoding="UTF-8"?>
<!-- Generated by org.testng.reporters.JUnitXMLReporter -->
<testsuite ignored="0" hostname="KK" failures="0" tests="4" name="Default test" time="35.304" errors="0" timestamp="2022-05-26T17:43:45 IST">
  <testcase classname="HRMTEST.TESTNG1" name="Loginpage1" time="9.941"/>
  <testcase classname="HRMTEST.TESTNG1" name="AssignLeave" time="5.437"/>
  <testcase classname="HRMTEST.TESTNG1" name="enterdate" time="3.386"/>
  <testcase classname="HRMTEST.TESTNG1" name="timesheet" time="1.75"/>
</testsuite> <!-- Default test -->
