<?xml version="1.0" encoding="UTF-8"?>
<!-- Generated by org.testng.reporters.JUnitXMLReporter -->
<testsuite ignored="0" hostname="KK" failures="1" tests="3" name="Test" time="0.568" errors="0" timestamp="2022-05-12T11:38:16 IST">
  <testcase classname="HRMTEST.TESTNG1" name="@BeforeClass beforeclass" time="0.024">
    <failure type="java.lang.StackOverflowError">
      <![CDATA[java.lang.StackOverflowError
at HRMTEST.TESTNG1.beforeclass(TESTNG1.java:20)
at HRMTEST.TESTNG1.beforeclass(TESTNG1.java:20)
at HRMTEST.TESTNG1.beforeclass(TESTNG1.java:20)
at HRMTEST.TESTNG1.beforeclass(TESTNG1.java:20)
at HRMTEST.TESTNG1.beforeclass(TESTNG1.java:20)
at HRMTEST.TESTNG1.beforeclass(TESTNG1.java:20)
at HRMTEST.TESTNG1.beforeclass(TESTNG1.java:20)
at HRMTEST.TESTNG1.beforeclass(TESTNG1.java:20)
at HRMTEST.TESTNG1.beforeclass(TESTNG1.java:20)
at HRMTEST.TESTNG1.beforeclass(TESTNG1.java:20)
at HRMTEST.TESTNG1.beforeclass(TESTNG1.java:20)
at HRMTEST.TESTNG1.beforeclass(TESTNG1.java:20)
at HRMTEST.TESTNG1.beforeclass(TESTNG1.java:20)
at HRMTEST.TESTNG1.beforeclass(TESTNG1.java:20)
at HRMTEST.TESTNG1.beforeclass(TESTNG1.java:20)
at HRMTEST.TESTNG1.beforeclass(TESTNG1.java:20)
at HRMTEST.TESTNG1.beforeclass(TESTNG1.java:20)
at HRMTEST.TESTNG1.beforeclass(TESTNG1.java:20)
at HRMTEST.TESTNG1.beforeclass(TESTNG1.java:20)
at HRMTEST.TESTNG1.beforeclass(TESTNG1.java:20)
at HRMTEST.TESTNG1.beforeclass(TESTNG1.java:20)
at HRMTEST.TESTNG1.beforeclass(TESTNG1.java:20)
at HRMTEST.TESTNG1.beforeclass(TESTNG1.java:20)
at HRMTEST.TESTNG1.beforeclass(TESTNG1.java:20)
at HRMTEST.TESTNG1.beforeclass(TESTNG1.java:20)
at HRMTEST.TESTNG1.beforeclass(TESTNG1.java:20)
at HRMTEST.TESTNG1.beforeclass(TESTNG1.java:20)
at HRMTEST.TESTNG1.beforeclass(TESTNG1.java:20)
at HRMTEST.TESTNG1.beforeclass(TESTNG1.java:20)
at HRMTEST.TESTNG1.beforeclass(TESTNG1.java:20)
at HRMTEST.TESTNG1.beforeclass(TESTNG1.java:20)
at HRMTEST.TESTNG1.beforeclass(TESTNG1.java:20)
at HRMTEST.TESTNG1.beforeclass(TESTNG1.java:20)
at HRMTEST.TESTNG1.beforeclass(TESTNG1.java:20)
at HRMTEST.TESTNG1.beforeclass(TESTNG1.java:20)
at HRMTEST.TESTNG1.beforeclass(TESTNG1.java:20)
at HRMTEST.TESTNG1.beforeclass(TESTNG1.java:20)
at HRMTEST.TESTNG1.beforeclass(TESTNG1.java:20)
at HRMTEST.TESTNG1.beforeclass(TESTNG1.java:20)
at HRMTEST.TESTNG1.beforeclass(TESTNG1.java:20)
at HRMTEST.TESTNG1.beforeclass(TESTNG1.java:20)
at HRMTEST.TESTNG1.beforeclass(TESTNG1.java:20)
at HRMTEST.TESTNG1.beforeclass(TESTNG1.java:20)
at HRMTEST.TESTNG1.beforeclass(TESTNG1.java:20)
at HRMTEST.TESTNG1.beforeclass(TESTNG1.java:20)
at HRMTEST.TESTNG1.beforeclass(TESTNG1.java:20)
at HRMTEST.TESTNG1.beforeclass(TESTNG1.java:20)
at HRMTEST.TESTNG1.beforeclass(TESTNG1.java:20)
at HRMTEST.TESTNG1.beforeclass(TESTNG1.java:20)
at HRMTEST.TESTNG1.beforeclass(TESTNG1.java:20)
at HRMTEST.TESTNG1.beforeclass(TESTNG1.java:20)
at HRMTEST.TESTNG1.beforeclass(TESTNG1.java:20)
at HRMTEST.TESTNG1.beforeclass(TESTNG1.java:20)
at HRMTEST.TESTNG1.beforeclass(TESTNG1.java:20)
at HRMTEST.TESTNG1.beforeclass(TESTNG1.java:20)
at HRMTEST.TESTNG1.beforeclass(TESTNG1.java:20)
at HRMTEST.TESTNG1.beforeclass(TESTNG1.java:20)
at HRMTEST.TESTNG1.beforeclass(TESTNG1.java:20)
at HRMTEST.TESTNG1.beforeclass(TESTNG1.java:20)
at HRMTEST.TESTNG1.beforeclass(TESTNG1.java:20)
at HRMTEST.TESTNG1.beforeclass(TESTNG1.java:20)
at HRMTEST.TESTNG1.beforeclass(TESTNG1.java:20)
at HRMTEST.TESTNG1.beforeclass(TESTNG1.java:20)
at HRMTEST.TESTNG1.beforeclass(TESTNG1.java:20)
at HRMTEST.TESTNG1.beforeclass(TESTNG1.java:20)
at HRMTEST.TESTNG1.beforeclass(TESTNG1.java:20)
at HRMTEST.TESTNG1.beforeclass(TESTNG1.java:20)
at HRMTEST.TESTNG1.beforeclass(TESTNG1.java:20)
at HRMTEST.TESTNG1.beforeclass(TESTNG1.java:20)
at HRMTEST.TESTNG1.beforeclass(TESTNG1.java:20)
at HRMTEST.TESTNG1.beforeclass(TESTNG1.java:20)
at HRMTEST.TESTNG1.beforeclass(TESTNG1.java:20)
at HRMTEST.TESTNG1.beforeclass(TESTNG1.java:20)
at HRMTEST.TESTNG1.beforeclass(TESTNG1.java:20)
at HRMTEST.TESTNG1.beforeclass(TESTNG1.java:20)
at HRMTEST.TESTNG1.beforeclass(TESTNG1.java:20)
at HRMTEST.TESTNG1.beforeclass(TESTNG1.java:20)
at HRMTEST.TESTNG1.beforeclass(TESTNG1.java:20)
at HRMTEST.TESTNG1.beforeclass(TESTNG1.java:20)
at HRMTEST.TESTNG1.beforeclass(TESTNG1.java:20)
at HRMTEST.TESTNG1.beforeclass(TESTNG1.java:20)
at HRMTEST.TESTNG1.beforeclass(TESTNG1.java:20)
at HRMTEST.TESTNG1.beforeclass(TESTNG1.java:20)
at HRMTEST.TESTNG1.beforeclass(TESTNG1.java:20)
at HRMTEST.TESTNG1.beforeclass(TESTNG1.java:20)
at HRMTEST.TESTNG1.beforeclass(TESTNG1.java:20)
at HRMTEST.TESTNG1.beforeclass(TESTNG1.java:20)
at HRMTEST.TESTNG1.beforeclass(TESTNG1.java:20)
at HRMTEST.TESTNG1.beforeclass(TESTNG1.java:20)
at HRMTEST.TESTNG1.beforeclass(TESTNG1.java:20)
at HRMTEST.TESTNG1.beforeclass(TESTNG1.java:20)
at HRMTEST.TESTNG1.beforeclass(TESTNG1.java:20)
at HRMTEST.TESTNG1.beforeclass(TESTNG1.java:20)
at HRMTEST.TESTNG1.beforeclass(TESTNG1.java:20)
at HRMTEST.TESTNG1.beforeclass(TESTNG1.java:20)
at HRMTEST.TESTNG1.beforeclass(TESTNG1.java:20)
at HRMTEST.TESTNG1.beforeclass(TESTNG1.java:20)
at HRMTEST.TESTNG1.beforeclass(TESTNG1.java:20)
at HRMTEST.TESTNG1.beforeclass(TESTNG1.java:20)
at HRMTEST.TESTNG1.beforeclass(TESTNG1.java:20)
at HRMTEST.TESTNG1.beforeclass(TESTNG1.java:20)
at HRMTEST.TESTNG1.beforeclass(TESTNG1.java:20)
at HRMTEST.TESTNG1.beforeclass(TESTNG1.java:20)
at HRMTEST.TESTNG1.beforeclass(TESTNG1.java:20)
at HRMTEST.TESTNG1.beforeclass(TESTNG1.java:20)
at HRMTEST.TESTNG1.beforeclass(TESTNG1.java:20)
at HRMTEST.TESTNG1.beforeclass(TESTNG1.java:20)
at HRMTEST.TESTNG1.beforeclass(TESTNG1.java:20)
at HRMTEST.TESTNG1.beforeclass(TESTNG1.java:20)
at HRMTEST.TESTNG1.beforeclass(TESTNG1.java:20)
at HRMTEST.TESTNG1.beforeclass(TESTNG1.java:20)
at HRMTEST.TESTNG1.beforeclass(TESTNG1.java:20)
at HRMTEST.TESTNG1.beforeclass(TESTNG1.java:20)
at HRMTEST.TESTNG1.beforeclass(TESTNG1.java:20)
at HRMTEST.TESTNG1.beforeclass(TESTNG1.java:20)
at HRMTEST.TESTNG1.beforeclass(TESTNG1.java:20)
at HRMTEST.TESTNG1.beforeclass(TESTNG1.java:20)
at HRMTEST.TESTNG1.beforeclass(TESTNG1.java:20)
at HRMTEST.TESTNG1.beforeclass(TESTNG1.java:20)
at HRMTEST.TESTNG1.beforeclass(TESTNG1.java:20)
at HRMTEST.TESTNG1.beforeclass(TESTNG1.java:20)
at HRMTEST.TESTNG1.beforeclass(TESTNG1.java:20)
at HRMTEST.TESTNG1.beforeclass(TESTNG1.java:20)
at HRMTEST.TESTNG1.beforeclass(TESTNG1.java:20)
at HRMTEST.TESTNG1.beforeclass(TESTNG1.java:20)
at HRMTEST.TESTNG1.beforeclass(TESTNG1.java:20)
at HRMTEST.TESTNG1.beforeclass(TESTNG1.java:20)
at HRMTEST.TESTNG1.beforeclass(TESTNG1.java:20)
at HRMTEST.TESTNG1.beforeclass(TESTNG1.java:20)
at HRMTEST.TESTNG1.beforeclass(TESTNG1.java:20)
at HRMTEST.TESTNG1.beforeclass(TESTNG1.java:20)
at HRMTEST.TESTNG1.beforeclass(TESTNG1.java:20)
at HRMTEST.TESTNG1.beforeclass(TESTNG1.java:20)
at HRMTEST.TESTNG1.beforeclass(TESTNG1.java:20)
at HRMTEST.TESTNG1.beforeclass(TESTNG1.java:20)
at HRMTEST.TESTNG1.beforeclass(TESTNG1.java:20)
at HRMTEST.TESTNG1.beforeclass(TESTNG1.java:20)
at HRMTEST.TESTNG1.beforeclass(TESTNG1.java:20)
at HRMTEST.TESTNG1.beforeclass(TESTNG1.java:20)
at HRMTEST.TESTNG1.beforeclass(TESTNG1.java:20)
at HRMTEST.TESTNG1.beforeclass(TESTNG1.java:20)
at HRMTEST.TESTNG1.beforeclass(TESTNG1.java:20)
at HRMTEST.TESTNG1.beforeclass(TESTNG1.java:20)
at HRMTEST.TESTNG1.beforeclass(TESTNG1.java:20)
at HRMTEST.TESTNG1.beforeclass(TESTNG1.java:20)
at HRMTEST.TESTNG1.beforeclass(TESTNG1.java:20)
at HRMTEST.TESTNG1.beforeclass(TESTNG1.java:20)
at HRMTEST.TESTNG1.beforeclass(TESTNG1.java:20)
at HRMTEST.TESTNG1.beforeclass(TESTNG1.java:20)
at HRMTEST.TESTNG1.beforeclass(TESTNG1.java:20)
at HRMTEST.TESTNG1.beforeclass(TESTNG1.java:20)
at HRMTEST.TESTNG1.beforeclass(TESTNG1.java:20)
at HRMTEST.TESTNG1.beforeclass(TESTNG1.java:20)
at HRMTEST.TESTNG1.beforeclass(TESTNG1.java:20)
at HRMTEST.TESTNG1.beforeclass(TESTNG1.java:20)
at HRMTEST.TESTNG1.beforeclass(TESTNG1.java:20)
at HRMTEST.TESTNG1.beforeclass(TESTNG1.java:20)
at HRMTEST.TESTNG1.beforeclass(TESTNG1.java:20)
at HRMTEST.TESTNG1.beforeclass(TESTNG1.java:20)
at HRMTEST.TESTNG1.beforeclass(TESTNG1.java:20)
at HRMTEST.TESTNG1.beforeclass(TESTNG1.java:20)
at HRMTEST.TESTNG1.beforeclass(TESTNG1.java:20)
at HRMTEST.TESTNG1.beforeclass(TESTNG1.java:20)
at HRMTEST.TESTNG1.beforeclass(TESTNG1.java:20)
at HRMTEST.TESTNG1.beforeclass(TESTNG1.java:20)
at HRMTEST.TESTNG1.beforeclass(TESTNG1.java:20)
at HRMTEST.TESTNG1.beforeclass(TESTNG1.java:20)
at HRMTEST.TESTNG1.beforeclass(TESTNG1.java:20)
at HRMTEST.TESTNG1.beforeclass(TESTNG1.java:20)
at HRMTEST.TESTNG1.beforeclass(TESTNG1.java:20)
at HRMTEST.TESTNG1.beforeclass(TESTNG1.java:20)
at HRMTEST.TESTNG1.beforeclass(TESTNG1.java:20)
at HRMTEST.TESTNG1.beforeclass(TESTNG1.java:20)
at HRMTEST.TESTNG1.beforeclass(TESTNG1.java:20)
at HRMTEST.TESTNG1.beforeclass(TESTNG1.java:20)
at HRMTEST.TESTNG1.beforeclass(TESTNG1.java:20)
at HRMTEST.TESTNG1.beforeclass(TESTNG1.java:20)
at HRMTEST.TESTNG1.beforeclass(TESTNG1.java:20)
at HRMTEST.TESTNG1.beforeclass(TESTNG1.java:20)
at HRMTEST.TESTNG1.beforeclass(TESTNG1.java:20)
at HRMTEST.TESTNG1.beforeclass(TESTNG1.java:20)
at HRMTEST.TESTNG1.beforeclass(TESTNG1.java:20)
at HRMTEST.TESTNG1.beforeclass(TESTNG1.java:20)
at HRMTEST.TESTNG1.beforeclass(TESTNG1.java:20)
at HRMTEST.TESTNG1.beforeclass(TESTNG1.java:20)
at HRMTEST.TESTNG1.beforeclass(TESTNG1.java:20)
at HRMTEST.TESTNG1.beforeclass(TESTNG1.java:20)
at HRMTEST.TESTNG1.beforeclass(TESTNG1.java:20)
at HRMTEST.TESTNG1.beforeclass(TESTNG1.java:20)
at HRMTEST.TESTNG1.beforeclass(TESTNG1.java:20)
at HRMTEST.TESTNG1.beforeclass(TESTNG1.java:20)
at HRMTEST.TESTNG1.beforeclass(TESTNG1.java:20)
at HRMTEST.TESTNG1.beforeclass(TESTNG1.java:20)
at HRMTEST.TESTNG1.beforeclass(TESTNG1.java:20)
at HRMTEST.TESTNG1.beforeclass(TESTNG1.java:20)
at HRMTEST.TESTNG1.beforeclass(TESTNG1.java:20)
at HRMTEST.TESTNG1.beforeclass(TESTNG1.java:20)
at HRMTEST.TESTNG1.beforeclass(TESTNG1.java:20)
at HRMTEST.TESTNG1.beforeclass(TESTNG1.java:20)
at HRMTEST.TESTNG1.beforeclass(TESTNG1.java:20)
at HRMTEST.TESTNG1.beforeclass(TESTNG1.java:20)
at HRMTEST.TESTNG1.beforeclass(TESTNG1.java:20)
at HRMTEST.TESTNG1.beforeclass(TESTNG1.java:20)
at HRMTEST.TESTNG1.beforeclass(TESTNG1.java:20)
at HRMTEST.TESTNG1.beforeclass(TESTNG1.java:20)
at HRMTEST.TESTNG1.beforeclass(TESTNG1.java:20)
at HRMTEST.TESTNG1.beforeclass(TESTNG1.java:20)
at HRMTEST.TESTNG1.beforeclass(TESTNG1.java:20)
at HRMTEST.TESTNG1.beforeclass(TESTNG1.java:20)
at HRMTEST.TESTNG1.beforeclass(TESTNG1.java:20)
at HRMTEST.TESTNG1.beforeclass(TESTNG1.java:20)
at HRMTEST.TESTNG1.beforeclass(TESTNG1.java:20)
at HRMTEST.TESTNG1.beforeclass(TESTNG1.java:20)
at HRMTEST.TESTNG1.beforeclass(TESTNG1.java:20)
at HRMTEST.TESTNG1.beforeclass(TESTNG1.java:20)
at HRMTEST.TESTNG1.beforeclass(TESTNG1.java:20)
at HRMTEST.TESTNG1.beforeclass(TESTNG1.java:20)
at HRMTEST.TESTNG1.beforeclass(TESTNG1.java:20)
at HRMTEST.TESTNG1.beforeclass(TESTNG1.java:20)
at HRMTEST.TESTNG1.beforeclass(TESTNG1.java:20)
at HRMTEST.TESTNG1.beforeclass(TESTNG1.java:20)
at HRMTEST.TESTNG1.beforeclass(TESTNG1.java:20)
at HRMTEST.TESTNG1.beforeclass(TESTNG1.java:20)
at HRMTEST.TESTNG1.beforeclass(TESTNG1.java:20)
at HRMTEST.TESTNG1.beforeclass(TESTNG1.java:20)
at HRMTEST.TESTNG1.beforeclass(TESTNG1.java:20)
at HRMTEST.TESTNG1.beforeclass(TESTNG1.java:20)
at HRMTEST.TESTNG1.beforeclass(TESTNG1.java:20)
at HRMTEST.TESTNG1.beforeclass(TESTNG1.java:20)
at HRMTEST.TESTNG1.beforeclass(TESTNG1.java:20)
at HRMTEST.TESTNG1.beforeclass(TESTNG1.java:20)
at HRMTEST.TESTNG1.beforeclass(TESTNG1.java:20)
at HRMTEST.TESTNG1.beforeclass(TESTNG1.java:20)
at HRMTEST.TESTNG1.beforeclass(TESTNG1.java:20)
at HRMTEST.TESTNG1.beforeclass(TESTNG1.java:20)
at HRMTEST.TESTNG1.beforeclass(TESTNG1.java:20)
at HRMTEST.TESTNG1.beforeclass(TESTNG1.java:20)
at HRMTEST.TESTNG1.beforeclass(TESTNG1.java:20)
at HRMTEST.TESTNG1.beforeclass(TESTNG1.java:20)
at HRMTEST.TESTNG1.beforeclass(TESTNG1.java:20)
at HRMTEST.TESTNG1.beforeclass(TESTNG1.java:20)
at HRMTEST.TESTNG1.beforeclass(TESTNG1.java:20)
at HRMTEST.TESTNG1.beforeclass(TESTNG1.java:20)
at HRMTEST.TESTNG1.beforeclass(TESTNG1.java:20)
at HRMTEST.TESTNG1.beforeclass(TESTNG1.java:20)
at HRMTEST.TESTNG1.beforeclass(TESTNG1.java:20)
at HRMTEST.TESTNG1.beforeclass(TESTNG1.java:20)
at HRMTEST.TESTNG1.beforeclass(TESTNG1.java:20)
at HRMTEST.TESTNG1.beforeclass(TESTNG1.java:20)
at HRMTEST.TESTNG1.beforeclass(TESTNG1.java:20)
at HRMTEST.TESTNG1.beforeclass(TESTNG1.java:20)
at HRMTEST.TESTNG1.beforeclass(TESTNG1.java:20)
at HRMTEST.TESTNG1.beforeclass(TESTNG1.java:20)
at HRMTEST.TESTNG1.beforeclass(TESTNG1.java:20)
at HRMTEST.TESTNG1.beforeclass(TESTNG1.java:20)
at HRMTEST.TESTNG1.beforeclass(TESTNG1.java:20)
at HRMTEST.TESTNG1.beforeclass(TESTNG1.java:20)
at HRMTEST.TESTNG1.beforeclass(TESTNG1.java:20)
at HRMTEST.TESTNG1.beforeclass(TESTNG1.java:20)
at HRMTEST.TESTNG1.beforeclass(TESTNG1.java:20)
at HRMTEST.TESTNG1.beforeclass(TESTNG1.java:20)
at HRMTEST.TESTNG1.beforeclass(TESTNG1.java:20)
at HRMTEST.TESTNG1.beforeclass(TESTNG1.java:20)
at HRMTEST.TESTNG1.beforeclass(TESTNG1.java:20)
at HRMTEST.TESTNG1.beforeclass(TESTNG1.java:20)
at HRMTEST.TESTNG1.beforeclass(TESTNG1.java:20)
at HRMTEST.TESTNG1.beforeclass(TESTNG1.java:20)
at HRMTEST.TESTNG1.beforeclass(TESTNG1.java:20)
at HRMTEST.TESTNG1.beforeclass(TESTNG1.java:20)
at HRMTEST.TESTNG1.beforeclass(TESTNG1.java:20)
at HRMTEST.TESTNG1.beforeclass(TESTNG1.java:20)
at HRMTEST.TESTNG1.beforeclass(TESTNG1.java:20)
at HRMTEST.TESTNG1.beforeclass(TESTNG1.java:20)
at HRMTEST.TESTNG1.beforeclass(TESTNG1.java:20)
at HRMTEST.TESTNG1.beforeclass(TESTNG1.java:20)
at HRMTEST.TESTNG1.beforeclass(TESTNG1.java:20)
at HRMTEST.TESTNG1.beforeclass(TESTNG1.java:20)
at HRMTEST.TESTNG1.beforeclass(TESTNG1.java:20)
at HRMTEST.TESTNG1.beforeclass(TESTNG1.java:20)
at HRMTEST.TESTNG1.beforeclass(TESTNG1.java:20)
at HRMTEST.TESTNG1.beforeclass(TESTNG1.java:20)
at HRMTEST.TESTNG1.beforeclass(TESTNG1.java:20)
at HRMTEST.TESTNG1.beforeclass(TESTNG1.java:20)
at HRMTEST.TESTNG1.beforeclass(TESTNG1.java:20)
at HRMTEST.TESTNG1.beforeclass(TESTNG1.java:20)
at HRMTEST.TESTNG1.beforeclass(TESTNG1.java:20)
at HRMTEST.TESTNG1.beforeclass(TESTNG1.java:20)
at HRMTEST.TESTNG1.beforeclass(TESTNG1.java:20)
at HRMTEST.TESTNG1.beforeclass(TESTNG1.java:20)
at HRMTEST.TESTNG1.beforeclass(TESTNG1.java:20)
at HRMTEST.TESTNG1.beforeclass(TESTNG1.java:20)
at HRMTEST.TESTNG1.beforeclass(TESTNG1.java:20)
at HRMTEST.TESTNG1.beforeclass(TESTNG1.java:20)
at HRMTEST.TESTNG1.beforeclass(TESTNG1.java:20)
at HRMTEST.TESTNG1.beforeclass(TESTNG1.java:20)
at HRMTEST.TESTNG1.beforeclass(TESTNG1.java:20)
at HRMTEST.TESTNG1.beforeclass(TESTNG1.java:20)
at HRMTEST.TESTNG1.beforeclass(TESTNG1.java:20)
at HRMTEST.TESTNG1.beforeclass(TESTNG1.java:20)
at HRMTEST.TESTNG1.beforeclass(TESTNG1.java:20)
at HRMTEST.TESTNG1.beforeclass(TESTNG1.java:20)
at HRMTEST.TESTNG1.beforeclass(TESTNG1.java:20)
at HRMTEST.TESTNG1.beforeclass(TESTNG1.java:20)
at HRMTEST.TESTNG1.beforeclass(TESTNG1.java:20)
at HRMTEST.TESTNG1.beforeclass(TESTNG1.java:20)
at HRMTEST.TESTNG1.beforeclass(TESTNG1.java:20)
at HRMTEST.TESTNG1.beforeclass(TESTNG1.java:20)
at HRMTEST.TESTNG1.beforeclass(TESTNG1.java:20)
at HRMTEST.TESTNG1.beforeclass(TESTNG1.java:20)
at HRMTEST.TESTNG1.beforeclass(TESTNG1.java:20)
at HRMTEST.TESTNG1.beforeclass(TESTNG1.java:20)
at HRMTEST.TESTNG1.beforeclass(TESTNG1.java:20)
at HRMTEST.TESTNG1.beforeclass(TESTNG1.java:20)
at HRMTEST.TESTNG1.beforeclass(TESTNG1.java:20)
at HRMTEST.TESTNG1.beforeclass(TESTNG1.java:20)
at HRMTEST.TESTNG1.beforeclass(TESTNG1.java:20)
at HRMTEST.TESTNG1.beforeclass(TESTNG1.java:20)
at HRMTEST.TESTNG1.beforeclass(TESTNG1.java:20)
at HRMTEST.TESTNG1.beforeclass(TESTNG1.java:20)
at HRMTEST.TESTNG1.beforeclass(TESTNG1.java:20)
at HRMTEST.TESTNG1.beforeclass(TESTNG1.java:20)
at HRMTEST.TESTNG1.beforeclass(TESTNG1.java:20)
at HRMTEST.TESTNG1.beforeclass(TESTNG1.java:20)
at HRMTEST.TESTNG1.beforeclass(TESTNG1.java:20)
at HRMTEST.TESTNG1.beforeclass(TESTNG1.java:20)
at HRMTEST.TESTNG1.beforeclass(TESTNG1.java:20)
at HRMTEST.TESTNG1.beforeclass(TESTNG1.java:20)
at HRMTEST.TESTNG1.beforeclass(TESTNG1.java:20)
at HRMTEST.TESTNG1.beforeclass(TESTNG1.java:20)
at HRMTEST.TESTNG1.beforeclass(TESTNG1.java:20)
at HRMTEST.TESTNG1.beforeclass(TESTNG1.java:20)
at HRMTEST.TESTNG1.beforeclass(TESTNG1.java:20)
at HRMTEST.TESTNG1.beforeclass(TESTNG1.java:20)
at HRMTEST.TESTNG1.beforeclass(TESTNG1.java:20)
at HRMTEST.TESTNG1.beforeclass(TESTNG1.java:20)
at HRMTEST.TESTNG1.beforeclass(TESTNG1.java:20)
at HRMTEST.TESTNG1.beforeclass(TESTNG1.java:20)
at HRMTEST.TESTNG1.beforeclass(TESTNG1.java:20)
at HRMTEST.TESTNG1.beforeclass(TESTNG1.java:20)
at HRMTEST.TESTNG1.beforeclass(TESTNG1.java:20)
at HRMTEST.TESTNG1.beforeclass(TESTNG1.java:20)
at HRMTEST.TESTNG1.beforeclass(TESTNG1.java:20)
at HRMTEST.TESTNG1.beforeclass(TESTNG1.java:20)
at HRMTEST.TESTNG1.beforeclass(TESTNG1.java:20)
at HRMTEST.TESTNG1.beforeclass(TESTNG1.java:20)
at HRMTEST.TESTNG1.beforeclass(TESTNG1.java:20)
at HRMTEST.TESTNG1.beforeclass(TESTNG1.java:20)
at HRMTEST.TESTNG1.beforeclass(TESTNG1.java:20)
at HRMTEST.TESTNG1.beforeclass(TESTNG1.java:20)
at HRMTEST.TESTNG1.beforeclass(TESTNG1.java:20)
at HRMTEST.TESTNG1.beforeclass(TESTNG1.java:20)
at HRMTEST.TESTNG1.beforeclass(TESTNG1.java:20)
at HRMTEST.TESTNG1.beforeclass(TESTNG1.java:20)
at HRMTEST.TESTNG1.beforeclass(TESTNG1.java:20)
at HRMTEST.TESTNG1.beforeclass(TESTNG1.java:20)
at HRMTEST.TESTNG1.beforeclass(TESTNG1.java:20)
at HRMTEST.TESTNG1.beforeclass(TESTNG1.java:20)
at HRMTEST.TESTNG1.beforeclass(TESTNG1.java:20)
at HRMTEST.TESTNG1.beforeclass(TESTNG1.java:20)
at HRMTEST.TESTNG1.beforeclass(TESTNG1.java:20)
at HRMTEST.TESTNG1.beforeclass(TESTNG1.java:20)
at HRMTEST.TESTNG1.beforeclass(TESTNG1.java:20)
at HRMTEST.TESTNG1.beforeclass(TESTNG1.java:20)
at HRMTEST.TESTNG1.beforeclass(TESTNG1.java:20)
at HRMTEST.TESTNG1.beforeclass(TESTNG1.java:20)
at HRMTEST.TESTNG1.beforeclass(TESTNG1.java:20)
at HRMTEST.TESTNG1.beforeclass(TESTNG1.java:20)
at HRMTEST.TESTNG1.beforeclass(TESTNG1.java:20)
at HRMTEST.TESTNG1.beforeclass(TESTNG1.java:20)
at HRMTEST.TESTNG1.beforeclass(TESTNG1.java:20)
at HRMTEST.TESTNG1.beforeclass(TESTNG1.java:20)
at HRMTEST.TESTNG1.beforeclass(TESTNG1.java:20)
at HRMTEST.TESTNG1.beforeclass(TESTNG1.java:20)
at HRMTEST.TESTNG1.beforeclass(TESTNG1.java:20)
at HRMTEST.TESTNG1.beforeclass(TESTNG1.java:20)
at HRMTEST.TESTNG1.beforeclass(TESTNG1.java:20)
at HRMTEST.TESTNG1.beforeclass(TESTNG1.java:20)
at HRMTEST.TESTNG1.beforeclass(TESTNG1.java:20)
at HRMTEST.TESTNG1.beforeclass(TESTNG1.java:20)
at HRMTEST.TESTNG1.beforeclass(TESTNG1.java:20)
at HRMTEST.TESTNG1.beforeclass(TESTNG1.java:20)
at HRMTEST.TESTNG1.beforeclass(TESTNG1.java:20)
at HRMTEST.TESTNG1.beforeclass(TESTNG1.java:20)
at HRMTEST.TESTNG1.beforeclass(TESTNG1.java:20)
at HRMTEST.TESTNG1.beforeclass(TESTNG1.java:20)
at HRMTEST.TESTNG1.beforeclass(TESTNG1.java:20)
at HRMTEST.TESTNG1.beforeclass(TESTNG1.java:20)
at HRMTEST.TESTNG1.beforeclass(TESTNG1.java:20)
at HRMTEST.TESTNG1.beforeclass(TESTNG1.java:20)
at HRMTEST.TESTNG1.beforeclass(TESTNG1.java:20)
at HRMTEST.TESTNG1.beforeclass(TESTNG1.java:20)
at HRMTEST.TESTNG1.beforeclass(TESTNG1.java:20)
at HRMTEST.TESTNG1.beforeclass(TESTNG1.java:20)
at HRMTEST.TESTNG1.beforeclass(TESTNG1.java:20)
at HRMTEST.TESTNG1.beforeclass(TESTNG1.java:20)
at HRMTEST.TESTNG1.beforeclass(TESTNG1.java:20)
at HRMTEST.TESTNG1.beforeclass(TESTNG1.java:20)
at HRMTEST.TESTNG1.beforeclass(TESTNG1.java:20)
at HRMTEST.TESTNG1.beforeclass(TESTNG1.java:20)
at HRMTEST.TESTNG1.beforeclass(TESTNG1.java:20)
at HRMTEST.TESTNG1.beforeclass(TESTNG1.java:20)
at HRMTEST.TESTNG1.beforeclass(TESTNG1.java:20)
at HRMTEST.TESTNG1.beforeclass(TESTNG1.java:20)
at HRMTEST.TESTNG1.beforeclass(TESTNG1.java:20)
at HRMTEST.TESTNG1.beforeclass(TESTNG1.java:20)
at HRMTEST.TESTNG1.beforeclass(TESTNG1.java:20)
at HRMTEST.TESTNG1.beforeclass(TESTNG1.java:20)
at HRMTEST.TESTNG1.beforeclass(TESTNG1.java:20)
at HRMTEST.TESTNG1.beforeclass(TESTNG1.java:20)
at HRMTEST.TESTNG1.beforeclass(TESTNG1.java:20)
at HRMTEST.TESTNG1.beforeclass(TESTNG1.java:20)
at HRMTEST.TESTNG1.beforeclass(TESTNG1.java:20)
at HRMTEST.TESTNG1.beforeclass(TESTNG1.java:20)
at HRMTEST.TESTNG1.beforeclass(TESTNG1.java:20)
at HRMTEST.TESTNG1.beforeclass(TESTNG1.java:20)
at HRMTEST.TESTNG1.beforeclass(TESTNG1.java:20)
at HRMTEST.TESTNG1.beforeclass(TESTNG1.java:20)
at HRMTEST.TESTNG1.beforeclass(TESTNG1.java:20)
at HRMTEST.TESTNG1.beforeclass(TESTNG1.java:20)
at HRMTEST.TESTNG1.beforeclass(TESTNG1.java:20)
at HRMTEST.TESTNG1.beforeclass(TESTNG1.java:20)
at HRMTEST.TESTNG1.beforeclass(TESTNG1.java:20)
at HRMTEST.TESTNG1.beforeclass(TESTNG1.java:20)
at HRMTEST.TESTNG1.beforeclass(TESTNG1.java:20)
at HRMTEST.TESTNG1.beforeclass(TESTNG1.java:20)
at HRMTEST.TESTNG1.beforeclass(TESTNG1.java:20)
at HRMTEST.TESTNG1.beforeclass(TESTNG1.java:20)
at HRMTEST.TESTNG1.beforeclass(TESTNG1.java:20)
at HRMTEST.TESTNG1.beforeclass(TESTNG1.java:20)
at HRMTEST.TESTNG1.beforeclass(TESTNG1.java:20)
at HRMTEST.TESTNG1.beforeclass(TESTNG1.java:20)
at HRMTEST.TESTNG1.beforeclass(TESTNG1.java:20)
at HRMTEST.TESTNG1.beforeclass(TESTNG1.java:20)
at HRMTEST.TESTNG1.beforeclass(TESTNG1.java:20)
at HRMTEST.TESTNG1.beforeclass(TESTNG1.java:20)
at HRMTEST.TESTNG1.beforeclass(TESTNG1.java:20)
at HRMTEST.TESTNG1.beforeclass(TESTNG1.java:20)
at HRMTEST.TESTNG1.beforeclass(TESTNG1.java:20)
at HRMTEST.TESTNG1.beforeclass(TESTNG1.java:20)
at HRMTEST.TESTNG1.beforeclass(TESTNG1.java:20)
at HRMTEST.TESTNG1.beforeclass(TESTNG1.java:20)
at HRMTEST.TESTNG1.beforeclass(TESTNG1.java:20)
at HRMTEST.TESTNG1.beforeclass(TESTNG1.java:20)
at HRMTEST.TESTNG1.beforeclass(TESTNG1.java:20)
at HRMTEST.TESTNG1.beforeclass(TESTNG1.java:20)
at HRMTEST.TESTNG1.beforeclass(TESTNG1.java:20)
at HRMTEST.TESTNG1.beforeclass(TESTNG1.java:20)
at HRMTEST.TESTNG1.beforeclass(TESTNG1.java:20)
at HRMTEST.TESTNG1.beforeclass(TESTNG1.java:20)
at HRMTEST.TESTNG1.beforeclass(TESTNG1.java:20)
at HRMTEST.TESTNG1.beforeclass(TESTNG1.java:20)
at HRMTEST.TESTNG1.beforeclass(TESTNG1.java:20)
at HRMTEST.TESTNG1.beforeclass(TESTNG1.java:20)
at HRMTEST.TESTNG1.beforeclass(TESTNG1.java:20)
at HRMTEST.TESTNG1.beforeclass(TESTNG1.java:20)
at HRMTEST.TESTNG1.beforeclass(TESTNG1.java:20)
at HRMTEST.TESTNG1.beforeclass(TESTNG1.java:20)
at HRMTEST.TESTNG1.beforeclass(TESTNG1.java:20)
at HRMTEST.TESTNG1.beforeclass(TESTNG1.java:20)
at HRMTEST.TESTNG1.beforeclass(TESTNG1.java:20)
at HRMTEST.TESTNG1.beforeclass(TESTNG1.java:20)
at HRMTEST.TESTNG1.beforeclass(TESTNG1.java:20)
at HRMTEST.TESTNG1.beforeclass(TESTNG1.java:20)
at HRMTEST.TESTNG1.beforeclass(TESTNG1.java:20)
at HRMTEST.TESTNG1.beforeclass(TESTNG1.java:20)
at HRMTEST.TESTNG1.beforeclass(TESTNG1.java:20)
at HRMTEST.TESTNG1.beforeclass(TESTNG1.java:20)
at HRMTEST.TESTNG1.beforeclass(TESTNG1.java:20)
at HRMTEST.TESTNG1.beforeclass(TESTNG1.java:20)
at HRMTEST.TESTNG1.beforeclass(TESTNG1.java:20)
at HRMTEST.TESTNG1.beforeclass(TESTNG1.java:20)
at HRMTEST.TESTNG1.beforeclass(TESTNG1.java:20)
at HRMTEST.TESTNG1.beforeclass(TESTNG1.java:20)
at HRMTEST.TESTNG1.beforeclass(TESTNG1.java:20)
at HRMTEST.TESTNG1.beforeclass(TESTNG1.java:20)
at HRMTEST.TESTNG1.beforeclass(TESTNG1.java:20)
at HRMTEST.TESTNG1.beforeclass(TESTNG1.java:20)
at HRMTEST.TESTNG1.beforeclass(TESTNG1.java:20)
at HRMTEST.TESTNG1.beforeclass(TESTNG1.java:20)
at HRMTEST.TESTNG1.beforeclass(TESTNG1.java:20)
at HRMTEST.TESTNG1.beforeclass(TESTNG1.java:20)
at HRMTEST.TESTNG1.beforeclass(TESTNG1.java:20)
at HRMTEST.TESTNG1.beforeclass(TESTNG1.java:20)
at HRMTEST.TESTNG1.beforeclass(TESTNG1.java:20)
at HRMTEST.TESTNG1.beforeclass(TESTNG1.java:20)
at HRMTEST.TESTNG1.beforeclass(TESTNG1.java:20)
at HRMTEST.TESTNG1.beforeclass(TESTNG1.java:20)
at HRMTEST.TESTNG1.beforeclass(TESTNG1.java:20)
at HRMTEST.TESTNG1.beforeclass(TESTNG1.java:20)
at HRMTEST.TESTNG1.beforeclass(TESTNG1.java:20)
at HRMTEST.TESTNG1.beforeclass(TESTNG1.java:20)
at HRMTEST.TESTNG1.beforeclass(TESTNG1.java:20)
at HRMTEST.TESTNG1.beforeclass(TESTNG1.java:20)
at HRMTEST.TESTNG1.beforeclass(TESTNG1.java:20)
at HRMTEST.TESTNG1.beforeclass(TESTNG1.java:20)
at HRMTEST.TESTNG1.beforeclass(TESTNG1.java:20)
at HRMTEST.TESTNG1.beforeclass(TESTNG1.java:20)
at HRMTEST.TESTNG1.beforeclass(TESTNG1.java:20)
at HRMTEST.TESTNG1.beforeclass(TESTNG1.java:20)
at HRMTEST.TESTNG1.beforeclass(TESTNG1.java:20)
at HRMTEST.TESTNG1.beforeclass(TESTNG1.java:20)
at HRMTEST.TESTNG1.beforeclass(TESTNG1.java:20)
at HRMTEST.TESTNG1.beforeclass(TESTNG1.java:20)
at HRMTEST.TESTNG1.beforeclass(TESTNG1.java:20)
at HRMTEST.TESTNG1.beforeclass(TESTNG1.java:20)
at HRMTEST.TESTNG1.beforeclass(TESTNG1.java:20)
at HRMTEST.TESTNG1.beforeclass(TESTNG1.java:20)
at HRMTEST.TESTNG1.beforeclass(TESTNG1.java:20)
at HRMTEST.TESTNG1.beforeclass(TESTNG1.java:20)
at HRMTEST.TESTNG1.beforeclass(TESTNG1.java:20)
at HRMTEST.TESTNG1.beforeclass(TESTNG1.java:20)
at HRMTEST.TESTNG1.beforeclass(TESTNG1.java:20)
at HRMTEST.TESTNG1.beforeclass(TESTNG1.java:20)
at HRMTEST.TESTNG1.beforeclass(TESTNG1.java:20)
at HRMTEST.TESTNG1.beforeclass(TESTNG1.java:20)
at HRMTEST.TESTNG1.beforeclass(TESTNG1.java:20)
at HRMTEST.TESTNG1.beforeclass(TESTNG1.java:20)
at HRMTEST.TESTNG1.beforeclass(TESTNG1.java:20)
at HRMTEST.TESTNG1.beforeclass(TESTNG1.java:20)
at HRMTEST.TESTNG1.beforeclass(TESTNG1.java:20)
at HRMTEST.TESTNG1.beforeclass(TESTNG1.java:20)
at HRMTEST.TESTNG1.beforeclass(TESTNG1.java:20)
at HRMTEST.TESTNG1.beforeclass(TESTNG1.java:20)
at HRMTEST.TESTNG1.beforeclass(TESTNG1.java:20)
at HRMTEST.TESTNG1.beforeclass(TESTNG1.java:20)
at HRMTEST.TESTNG1.beforeclass(TESTNG1.java:20)
at HRMTEST.TESTNG1.beforeclass(TESTNG1.java:20)
at HRMTEST.TESTNG1.beforeclass(TESTNG1.java:20)
at HRMTEST.TESTNG1.beforeclass(TESTNG1.java:20)
at HRMTEST.TESTNG1.beforeclass(TESTNG1.java:20)
at HRMTEST.TESTNG1.beforeclass(TESTNG1.java:20)
at HRMTEST.TESTNG1.beforeclass(TESTNG1.java:20)
at HRMTEST.TESTNG1.beforeclass(TESTNG1.java:20)
at HRMTEST.TESTNG1.beforeclass(TESTNG1.java:20)
at HRMTEST.TESTNG1.beforeclass(TESTNG1.java:20)
at HRMTEST.TESTNG1.beforeclass(TESTNG1.java:20)
at HRMTEST.TESTNG1.beforeclass(TESTNG1.java:20)
at HRMTEST.TESTNG1.beforeclass(TESTNG1.java:20)
at HRMTEST.TESTNG1.beforeclass(TESTNG1.java:20)
at HRMTEST.TESTNG1.beforeclass(TESTNG1.java:20)
at HRMTEST.TESTNG1.beforeclass(TESTNG1.java:20)
at HRMTEST.TESTNG1.beforeclass(TESTNG1.java:20)
at HRMTEST.TESTNG1.beforeclass(TESTNG1.java:20)
at HRMTEST.TESTNG1.beforeclass(TESTNG1.java:20)
at HRMTEST.TESTNG1.beforeclass(TESTNG1.java:20)
at HRMTEST.TESTNG1.beforeclass(TESTNG1.java:20)
at HRMTEST.TESTNG1.beforeclass(TESTNG1.java:20)
at HRMTEST.TESTNG1.beforeclass(TESTNG1.java:20)
at HRMTEST.TESTNG1.beforeclass(TESTNG1.java:20)
at HRMTEST.TESTNG1.beforeclass(TESTNG1.java:20)
at HRMTEST.TESTNG1.beforeclass(TESTNG1.java:20)
at HRMTEST.TESTNG1.beforeclass(TESTNG1.java:20)
at HRMTEST.TESTNG1.beforeclass(TESTNG1.java:20)
at HRMTEST.TESTNG1.beforeclass(TESTNG1.java:20)
at HRMTEST.TESTNG1.beforeclass(TESTNG1.java:20)
at HRMTEST.TESTNG1.beforeclass(TESTNG1.java:20)
at HRMTEST.TESTNG1.beforeclass(TESTNG1.java:20)
at HRMTEST.TESTNG1.beforeclass(TESTNG1.java:20)
at HRMTEST.TESTNG1.beforeclass(TESTNG1.java:20)
at HRMTEST.TESTNG1.beforeclass(TESTNG1.java:20)
at HRMTEST.TESTNG1.beforeclass(TESTNG1.java:20)
at HRMTEST.TESTNG1.beforeclass(TESTNG1.java:20)
at HRMTEST.TESTNG1.beforeclass(TESTNG1.java:20)
at HRMTEST.TESTNG1.beforeclass(TESTNG1.java:20)
at HRMTEST.TESTNG1.beforeclass(TESTNG1.java:20)
at HRMTEST.TESTNG1.beforeclass(TESTNG1.java:20)
at HRMTEST.TESTNG1.beforeclass(TESTNG1.java:20)
at HRMTEST.TESTNG1.beforeclass(TESTNG1.java:20)
at HRMTEST.TESTNG1.beforeclass(TESTNG1.java:20)
at HRMTEST.TESTNG1.beforeclass(TESTNG1.java:20)
at HRMTEST.TESTNG1.beforeclass(TESTNG1.java:20)
at HRMTEST.TESTNG1.beforeclass(TESTNG1.java:20)
at HRMTEST.TESTNG1.beforeclass(TESTNG1.java:20)
at HRMTEST.TESTNG1.beforeclass(TESTNG1.java:20)
at HRMTEST.TESTNG1.beforeclass(TESTNG1.java:20)
at HRMTEST.TESTNG1.beforeclass(TESTNG1.java:20)
at HRMTEST.TESTNG1.beforeclass(TESTNG1.java:20)
at HRMTEST.TESTNG1.beforeclass(TESTNG1.java:20)
at HRMTEST.TESTNG1.beforeclass(TESTNG1.java:20)
at HRMTEST.TESTNG1.beforeclass(TESTNG1.java:20)
at HRMTEST.TESTNG1.beforeclass(TESTNG1.java:20)
at HRMTEST.TESTNG1.beforeclass(TESTNG1.java:20)
at HRMTEST.TESTNG1.beforeclass(TESTNG1.java:20)
at HRMTEST.TESTNG1.beforeclass(TESTNG1.java:20)
at HRMTEST.TESTNG1.beforeclass(TESTNG1.java:20)
at HRMTEST.TESTNG1.beforeclass(TESTNG1.java:20)
at HRMTEST.TESTNG1.beforeclass(TESTNG1.java:20)
at HRMTEST.TESTNG1.beforeclass(TESTNG1.java:20)
at HRMTEST.TESTNG1.beforeclass(TESTNG1.java:20)
at HRMTEST.TESTNG1.beforeclass(TESTNG1.java:20)
at HRMTEST.TESTNG1.beforeclass(TESTNG1.java:20)
at HRMTEST.TESTNG1.beforeclass(TESTNG1.java:20)
at HRMTEST.TESTNG1.beforeclass(TESTNG1.java:20)
at HRMTEST.TESTNG1.beforeclass(TESTNG1.java:20)
at HRMTEST.TESTNG1.beforeclass(TESTNG1.java:20)
at HRMTEST.TESTNG1.beforeclass(TESTNG1.java:20)
at HRMTEST.TESTNG1.beforeclass(TESTNG1.java:20)
at HRMTEST.TESTNG1.beforeclass(TESTNG1.java:20)
at HRMTEST.TESTNG1.beforeclass(TESTNG1.java:20)
at HRMTEST.TESTNG1.beforeclass(TESTNG1.java:20)
at HRMTEST.TESTNG1.beforeclass(TESTNG1.java:20)
at HRMTEST.TESTNG1.beforeclass(TESTNG1.java:20)
at HRMTEST.TESTNG1.beforeclass(TESTNG1.java:20)
at HRMTEST.TESTNG1.beforeclass(TESTNG1.java:20)
at HRMTEST.TESTNG1.beforeclass(TESTNG1.java:20)
at HRMTEST.TESTNG1.beforeclass(TESTNG1.java:20)
at HRMTEST.TESTNG1.beforeclass(TESTNG1.java:20)
at HRMTEST.TESTNG1.beforeclass(TESTNG1.java:20)
at HRMTEST.TESTNG1.beforeclass(TESTNG1.java:20)
at HRMTEST.TESTNG1.beforeclass(TESTNG1.java:20)
at HRMTEST.TESTNG1.beforeclass(TESTNG1.java:20)
at HRMTEST.TESTNG1.beforeclass(TESTNG1.java:20)
at HRMTEST.TESTNG1.beforeclass(TESTNG1.java:20)
at HRMTEST.TESTNG1.beforeclass(TESTNG1.java:20)
at HRMTEST.TESTNG1.beforeclass(TESTNG1.java:20)
at HRMTEST.TESTNG1.beforeclass(TESTNG1.java:20)
at HRMTEST.TESTNG1.beforeclass(TESTNG1.java:20)
at HRMTEST.TESTNG1.beforeclass(TESTNG1.java:20)
at HRMTEST.TESTNG1.beforeclass(TESTNG1.java:20)
at HRMTEST.TESTNG1.beforeclass(TESTNG1.java:20)
at HRMTEST.TESTNG1.beforeclass(TESTNG1.java:20)
at HRMTEST.TESTNG1.beforeclass(TESTNG1.java:20)
at HRMTEST.TESTNG1.beforeclass(TESTNG1.java:20)
at HRMTEST.TESTNG1.beforeclass(TESTNG1.java:20)
at HRMTEST.TESTNG1.beforeclass(TESTNG1.java:20)
at HRMTEST.TESTNG1.beforeclass(TESTNG1.java:20)
at HRMTEST.TESTNG1.beforeclass(TESTNG1.java:20)
at HRMTEST.TESTNG1.beforeclass(TESTNG1.java:20)
at HRMTEST.TESTNG1.beforeclass(TESTNG1.java:20)
at HRMTEST.TESTNG1.beforeclass(TESTNG1.java:20)
at HRMTEST.TESTNG1.beforeclass(TESTNG1.java:20)
at HRMTEST.TESTNG1.beforeclass(TESTNG1.java:20)
at HRMTEST.TESTNG1.beforeclass(TESTNG1.java:20)
at HRMTEST.TESTNG1.beforeclass(TESTNG1.java:20)
at HRMTEST.TESTNG1.beforeclass(TESTNG1.java:20)
at HRMTEST.TESTNG1.beforeclass(TESTNG1.java:20)
at HRMTEST.TESTNG1.beforeclass(TESTNG1.java:20)
at HRMTEST.TESTNG1.beforeclass(TESTNG1.java:20)
at HRMTEST.TESTNG1.beforeclass(TESTNG1.java:20)
at HRMTEST.TESTNG1.beforeclass(TESTNG1.java:20)
at HRMTEST.TESTNG1.beforeclass(TESTNG1.java:20)
at HRMTEST.TESTNG1.beforeclass(TESTNG1.java:20)
at HRMTEST.TESTNG1.beforeclass(TESTNG1.java:20)
at HRMTEST.TESTNG1.beforeclass(TESTNG1.java:20)
at HRMTEST.TESTNG1.beforeclass(TESTNG1.java:20)
at HRMTEST.TESTNG1.beforeclass(TESTNG1.java:20)
at HRMTEST.TESTNG1.beforeclass(TESTNG1.java:20)
at HRMTEST.TESTNG1.beforeclass(TESTNG1.java:20)
at HRMTEST.TESTNG1.beforeclass(TESTNG1.java:20)
at HRMTEST.TESTNG1.beforeclass(TESTNG1.java:20)
at HRMTEST.TESTNG1.beforeclass(TESTNG1.java:20)
at HRMTEST.TESTNG1.beforeclass(TESTNG1.java:20)
at HRMTEST.TESTNG1.beforeclass(TESTNG1.java:20)
at HRMTEST.TESTNG1.beforeclass(TESTNG1.java:20)
at HRMTEST.TESTNG1.beforeclass(TESTNG1.java:20)
at HRMTEST.TESTNG1.beforeclass(TESTNG1.java:20)
at HRMTEST.TESTNG1.beforeclass(TESTNG1.java:20)
at HRMTEST.TESTNG1.beforeclass(TESTNG1.java:20)
at HRMTEST.TESTNG1.beforeclass(TESTNG1.java:20)
at HRMTEST.TESTNG1.beforeclass(TESTNG1.java:20)
at HRMTEST.TESTNG1.beforeclass(TESTNG1.java:20)
at HRMTEST.TESTNG1.beforeclass(TESTNG1.java:20)
at HRMTEST.TESTNG1.beforeclass(TESTNG1.java:20)
at HRMTEST.TESTNG1.beforeclass(TESTNG1.java:20)
at HRMTEST.TESTNG1.beforeclass(TESTNG1.java:20)
at HRMTEST.TESTNG1.beforeclass(TESTNG1.java:20)
at HRMTEST.TESTNG1.beforeclass(TESTNG1.java:20)
at HRMTEST.TESTNG1.beforeclass(TESTNG1.java:20)
at HRMTEST.TESTNG1.beforeclass(TESTNG1.java:20)
at HRMTEST.TESTNG1.beforeclass(TESTNG1.java:20)
at HRMTEST.TESTNG1.beforeclass(TESTNG1.java:20)
at HRMTEST.TESTNG1.beforeclass(TESTNG1.java:20)
at HRMTEST.TESTNG1.beforeclass(TESTNG1.java:20)
at HRMTEST.TESTNG1.beforeclass(TESTNG1.java:20)
at HRMTEST.TESTNG1.beforeclass(TESTNG1.java:20)
at HRMTEST.TESTNG1.beforeclass(TESTNG1.java:20)
at HRMTEST.TESTNG1.beforeclass(TESTNG1.java:20)
at HRMTEST.TESTNG1.beforeclass(TESTNG1.java:20)
at HRMTEST.TESTNG1.beforeclass(TESTNG1.java:20)
at HRMTEST.TESTNG1.beforeclass(TESTNG1.java:20)
at HRMTEST.TESTNG1.beforeclass(TESTNG1.java:20)
at HRMTEST.TESTNG1.beforeclass(TESTNG1.java:20)
at HRMTEST.TESTNG1.beforeclass(TESTNG1.java:20)
at HRMTEST.TESTNG1.beforeclass(TESTNG1.java:20)
at HRMTEST.TESTNG1.beforeclass(TESTNG1.java:20)
at HRMTEST.TESTNG1.beforeclass(TESTNG1.java:20)
at HRMTEST.TESTNG1.beforeclass(TESTNG1.java:20)
at HRMTEST.TESTNG1.beforeclass(TESTNG1.java:20)
at HRMTEST.TESTNG1.beforeclass(TESTNG1.java:20)
at HRMTEST.TESTNG1.beforeclass(TESTNG1.java:20)
at HRMTEST.TESTNG1.beforeclass(TESTNG1.java:20)
at HRMTEST.TESTNG1.beforeclass(TESTNG1.java:20)
at HRMTEST.TESTNG1.beforeclass(TESTNG1.java:20)
at HRMTEST.TESTNG1.beforeclass(TESTNG1.java:20)
at HRMTEST.TESTNG1.beforeclass(TESTNG1.java:20)
at HRMTEST.TESTNG1.beforeclass(TESTNG1.java:20)
at HRMTEST.TESTNG1.beforeclass(TESTNG1.java:20)
at HRMTEST.TESTNG1.beforeclass(TESTNG1.java:20)
at HRMTEST.TESTNG1.beforeclass(TESTNG1.java:20)
at HRMTEST.TESTNG1.beforeclass(TESTNG1.java:20)
at HRMTEST.TESTNG1.beforeclass(TESTNG1.java:20)
at HRMTEST.TESTNG1.beforeclass(TESTNG1.java:20)
at HRMTEST.TESTNG1.beforeclass(TESTNG1.java:20)
at HRMTEST.TESTNG1.beforeclass(TESTNG1.java:20)
at HRMTEST.TESTNG1.beforeclass(TESTNG1.java:20)
at HRMTEST.TESTNG1.beforeclass(TESTNG1.java:20)
at HRMTEST.TESTNG1.beforeclass(TESTNG1.java:20)
at HRMTEST.TESTNG1.beforeclass(TESTNG1.java:20)
at HRMTEST.TESTNG1.beforeclass(TESTNG1.java:20)
at HRMTEST.TESTNG1.beforeclass(TESTNG1.java:20)
at HRMTEST.TESTNG1.beforeclass(TESTNG1.java:20)
at HRMTEST.TESTNG1.beforeclass(TESTNG1.java:20)
at HRMTEST.TESTNG1.beforeclass(TESTNG1.java:20)
at HRMTEST.TESTNG1.beforeclass(TESTNG1.java:20)
at HRMTEST.TESTNG1.beforeclass(TESTNG1.java:20)
at HRMTEST.TESTNG1.beforeclass(TESTNG1.java:20)
at HRMTEST.TESTNG1.beforeclass(TESTNG1.java:20)
at HRMTEST.TESTNG1.beforeclass(TESTNG1.java:20)
at HRMTEST.TESTNG1.beforeclass(TESTNG1.java:20)
at HRMTEST.TESTNG1.beforeclass(TESTNG1.java:20)
at HRMTEST.TESTNG1.beforeclass(TESTNG1.java:20)
at HRMTEST.TESTNG1.beforeclass(TESTNG1.java:20)
at HRMTEST.TESTNG1.beforeclass(TESTNG1.java:20)
at HRMTEST.TESTNG1.beforeclass(TESTNG1.java:20)
at HRMTEST.TESTNG1.beforeclass(TESTNG1.java:20)
at HRMTEST.TESTNG1.beforeclass(TESTNG1.java:20)
at HRMTEST.TESTNG1.beforeclass(TESTNG1.java:20)
at HRMTEST.TESTNG1.beforeclass(TESTNG1.java:20)
at HRMTEST.TESTNG1.beforeclass(TESTNG1.java:20)
at HRMTEST.TESTNG1.beforeclass(TESTNG1.java:20)
at HRMTEST.TESTNG1.beforeclass(TESTNG1.java:20)
at HRMTEST.TESTNG1.beforeclass(TESTNG1.java:20)
at HRMTEST.TESTNG1.beforeclass(TESTNG1.java:20)
at HRMTEST.TESTNG1.beforeclass(TESTNG1.java:20)
at HRMTEST.TESTNG1.beforeclass(TESTNG1.java:20)
at HRMTEST.TESTNG1.beforeclass(TESTNG1.java:20)
at HRMTEST.TESTNG1.beforeclass(TESTNG1.java:20)
at HRMTEST.TESTNG1.beforeclass(TESTNG1.java:20)
at HRMTEST.TESTNG1.beforeclass(TESTNG1.java:20)
at HRMTEST.TESTNG1.beforeclass(TESTNG1.java:20)
at HRMTEST.TESTNG1.beforeclass(TESTNG1.java:20)
at HRMTEST.TESTNG1.beforeclass(TESTNG1.java:20)
at HRMTEST.TESTNG1.beforeclass(TESTNG1.java:20)
at HRMTEST.TESTNG1.beforeclass(TESTNG1.java:20)
at HRMTEST.TESTNG1.beforeclass(TESTNG1.java:20)
at HRMTEST.TESTNG1.beforeclass(TESTNG1.java:20)
at HRMTEST.TESTNG1.beforeclass(TESTNG1.java:20)
at HRMTEST.TESTNG1.beforeclass(TESTNG1.java:20)
at HRMTEST.TESTNG1.beforeclass(TESTNG1.java:20)
at HRMTEST.TESTNG1.beforeclass(TESTNG1.java:20)
at HRMTEST.TESTNG1.beforeclass(TESTNG1.java:20)
at HRMTEST.TESTNG1.beforeclass(TESTNG1.java:20)
at HRMTEST.TESTNG1.beforeclass(TESTNG1.java:20)
at HRMTEST.TESTNG1.beforeclass(TESTNG1.java:20)
at HRMTEST.TESTNG1.beforeclass(TESTNG1.java:20)
at HRMTEST.TESTNG1.beforeclass(TESTNG1.java:20)
at HRMTEST.TESTNG1.beforeclass(TESTNG1.java:20)
at HRMTEST.TESTNG1.beforeclass(TESTNG1.java:20)
at HRMTEST.TESTNG1.beforeclass(TESTNG1.java:20)
at HRMTEST.TESTNG1.beforeclass(TESTNG1.java:20)
at HRMTEST.TESTNG1.beforeclass(TESTNG1.java:20)
at HRMTEST.TESTNG1.beforeclass(TESTNG1.java:20)
at HRMTEST.TESTNG1.beforeclass(TESTNG1.java:20)
at HRMTEST.TESTNG1.beforeclass(TESTNG1.java:20)
at HRMTEST.TESTNG1.beforeclass(TESTNG1.java:20)
at HRMTEST.TESTNG1.beforeclass(TESTNG1.java:20)
at HRMTEST.TESTNG1.beforeclass(TESTNG1.java:20)
at HRMTEST.TESTNG1.beforeclass(TESTNG1.java:20)
at HRMTEST.TESTNG1.beforeclass(TESTNG1.java:20)
at HRMTEST.TESTNG1.beforeclass(TESTNG1.java:20)
at HRMTEST.TESTNG1.beforeclass(TESTNG1.java:20)
at HRMTEST.TESTNG1.beforeclass(TESTNG1.java:20)
at HRMTEST.TESTNG1.beforeclass(TESTNG1.java:20)
at HRMTEST.TESTNG1.beforeclass(TESTNG1.java:20)
at HRMTEST.TESTNG1.beforeclass(TESTNG1.java:20)
at HRMTEST.TESTNG1.beforeclass(TESTNG1.java:20)
at HRMTEST.TESTNG1.beforeclass(TESTNG1.java:20)
at HRMTEST.TESTNG1.beforeclass(TESTNG1.java:20)
at HRMTEST.TESTNG1.beforeclass(TESTNG1.java:20)
at HRMTEST.TESTNG1.beforeclass(TESTNG1.java:20)
at HRMTEST.TESTNG1.beforeclass(TESTNG1.java:20)
at HRMTEST.TESTNG1.beforeclass(TESTNG1.java:20)
at HRMTEST.TESTNG1.beforeclass(TESTNG1.java:20)
at HRMTEST.TESTNG1.beforeclass(TESTNG1.java:20)
at HRMTEST.TESTNG1.beforeclass(TESTNG1.java:20)
at HRMTEST.TESTNG1.beforeclass(TESTNG1.java:20)
at HRMTEST.TESTNG1.beforeclass(TESTNG1.java:20)
at HRMTEST.TESTNG1.beforeclass(TESTNG1.java:20)
at HRMTEST.TESTNG1.beforeclass(TESTNG1.java:20)
at HRMTEST.TESTNG1.beforeclass(TESTNG1.java:20)
at HRMTEST.TESTNG1.beforeclass(TESTNG1.java:20)
at HRMTEST.TESTNG1.beforeclass(TESTNG1.java:20)
at HRMTEST.TESTNG1.beforeclass(TESTNG1.java:20)
at HRMTEST.TESTNG1.beforeclass(TESTNG1.java:20)
at HRMTEST.TESTNG1.beforeclass(TESTNG1.java:20)
at HRMTEST.TESTNG1.beforeclass(TESTNG1.java:20)
at HRMTEST.TESTNG1.beforeclass(TESTNG1.java:20)
at HRMTEST.TESTNG1.beforeclass(TESTNG1.java:20)
at HRMTEST.TESTNG1.beforeclass(TESTNG1.java:20)
at HRMTEST.TESTNG1.beforeclass(TESTNG1.java:20)
at HRMTEST.TESTNG1.beforeclass(TESTNG1.java:20)
at HRMTEST.TESTNG1.beforeclass(TESTNG1.java:20)
at HRMTEST.TESTNG1.beforeclass(TESTNG1.java:20)
at HRMTEST.TESTNG1.beforeclass(TESTNG1.java:20)
at HRMTEST.TESTNG1.beforeclass(TESTNG1.java:20)
at HRMTEST.TESTNG1.beforeclass(TESTNG1.java:20)
at HRMTEST.TESTNG1.beforeclass(TESTNG1.java:20)
at HRMTEST.TESTNG1.beforeclass(TESTNG1.java:20)
at HRMTEST.TESTNG1.beforeclass(TESTNG1.java:20)
at HRMTEST.TESTNG1.beforeclass(TESTNG1.java:20)
at HRMTEST.TESTNG1.beforeclass(TESTNG1.java:20)
at HRMTEST.TESTNG1.beforeclass(TESTNG1.java:20)
at HRMTEST.TESTNG1.beforeclass(TESTNG1.java:20)
at HRMTEST.TESTNG1.beforeclass(TESTNG1.java:20)
at HRMTEST.TESTNG1.beforeclass(TESTNG1.java:20)
at HRMTEST.TESTNG1.beforeclass(TESTNG1.java:20)
at HRMTEST.TESTNG1.beforeclass(TESTNG1.java:20)
at HRMTEST.TESTNG1.beforeclass(TESTNG1.java:20)
at HRMTEST.TESTNG1.beforeclass(TESTNG1.java:20)
at HRMTEST.TESTNG1.beforeclass(TESTNG1.java:20)
at HRMTEST.TESTNG1.beforeclass(TESTNG1.java:20)
at HRMTEST.TESTNG1.beforeclass(TESTNG1.java:20)
at HRMTEST.TESTNG1.beforeclass(TESTNG1.java:20)
at HRMTEST.TESTNG1.beforeclass(TESTNG1.java:20)
at HRMTEST.TESTNG1.beforeclass(TESTNG1.java:20)
at HRMTEST.TESTNG1.beforeclass(TESTNG1.java:20)
at HRMTEST.TESTNG1.beforeclass(TESTNG1.java:20)
at HRMTEST.TESTNG1.beforeclass(TESTNG1.java:20)
at HRMTEST.TESTNG1.beforeclass(TESTNG1.java:20)
at HRMTEST.TESTNG1.beforeclass(TESTNG1.java:20)
at HRMTEST.TESTNG1.beforeclass(TESTNG1.java:20)
at HRMTEST.TESTNG1.beforeclass(TESTNG1.java:20)
at HRMTEST.TESTNG1.beforeclass(TESTNG1.java:20)
at HRMTEST.TESTNG1.beforeclass(TESTNG1.java:20)
at HRMTEST.TESTNG1.beforeclass(TESTNG1.java:20)
at HRMTEST.TESTNG1.beforeclass(TESTNG1.java:20)
at HRMTEST.TESTNG1.beforeclass(TESTNG1.java:20)
at HRMTEST.TESTNG1.beforeclass(TESTNG1.java:20)
at HRMTEST.TESTNG1.beforeclass(TESTNG1.java:20)
at HRMTEST.TESTNG1.beforeclass(TESTNG1.java:20)
at HRMTEST.TESTNG1.beforeclass(TESTNG1.java:20)
at HRMTEST.TESTNG1.beforeclass(TESTNG1.java:20)
at HRMTEST.TESTNG1.beforeclass(TESTNG1.java:20)
at HRMTEST.TESTNG1.beforeclass(TESTNG1.java:20)
at HRMTEST.TESTNG1.beforeclass(TESTNG1.java:20)
at HRMTEST.TESTNG1.beforeclass(TESTNG1.java:20)
at HRMTEST.TESTNG1.beforeclass(TESTNG1.java:20)
at HRMTEST.TESTNG1.beforeclass(TESTNG1.java:20)
at HRMTEST.TESTNG1.beforeclass(TESTNG1.java:20)
at HRMTEST.TESTNG1.beforeclass(TESTNG1.java:20)
at HRMTEST.TESTNG1.beforeclass(TESTNG1.java:20)
at HRMTEST.TESTNG1.beforeclass(TESTNG1.java:20)
at HRMTEST.TESTNG1.beforeclass(TESTNG1.java:20)
at HRMTEST.TESTNG1.beforeclass(TESTNG1.java:20)
at HRMTEST.TESTNG1.beforeclass(TESTNG1.java:20)
at HRMTEST.TESTNG1.beforeclass(TESTNG1.java:20)
at HRMTEST.TESTNG1.beforeclass(TESTNG1.java:20)
at HRMTEST.TESTNG1.beforeclass(TESTNG1.java:20)
at HRMTEST.TESTNG1.beforeclass(TESTNG1.java:20)
at HRMTEST.TESTNG1.beforeclass(TESTNG1.java:20)
at HRMTEST.TESTNG1.beforeclass(TESTNG1.java:20)
at HRMTEST.TESTNG1.beforeclass(TESTNG1.java:20)
at HRMTEST.TESTNG1.beforeclass(TESTNG1.java:20)
at HRMTEST.TESTNG1.beforeclass(TESTNG1.java:20)
at HRMTEST.TESTNG1.beforeclass(TESTNG1.java:20)
at HRMTEST.TESTNG1.beforeclass(TESTNG1.java:20)
at HRMTEST.TESTNG1.beforeclass(TESTNG1.java:20)
at HRMTEST.TESTNG1.beforeclass(TESTNG1.java:20)
at HRMTEST.TESTNG1.beforeclass(TESTNG1.java:20)
at HRMTEST.TESTNG1.beforeclass(TESTNG1.java:20)
at HRMTEST.TESTNG1.beforeclass(TESTNG1.java:20)
at HRMTEST.TESTNG1.beforeclass(TESTNG1.java:20)
at HRMTEST.TESTNG1.beforeclass(TESTNG1.java:20)
at HRMTEST.TESTNG1.beforeclass(TESTNG1.java:20)
at HRMTEST.TESTNG1.beforeclass(TESTNG1.java:20)
at HRMTEST.TESTNG1.beforeclass(TESTNG1.java:20)
at HRMTEST.TESTNG1.beforeclass(TESTNG1.java:20)
at HRMTEST.TESTNG1.beforeclass(TESTNG1.java:20)
at HRMTEST.TESTNG1.beforeclass(TESTNG1.java:20)
at HRMTEST.TESTNG1.beforeclass(TESTNG1.java:20)
at HRMTEST.TESTNG1.beforeclass(TESTNG1.java:20)
at HRMTEST.TESTNG1.beforeclass(TESTNG1.java:20)
at HRMTEST.TESTNG1.beforeclass(TESTNG1.java:20)
at HRMTEST.TESTNG1.beforeclass(TESTNG1.java:20)
at HRMTEST.TESTNG1.beforeclass(TESTNG1.java:20)
at HRMTEST.TESTNG1.beforeclass(TESTNG1.java:20)
at HRMTEST.TESTNG1.beforeclass(TESTNG1.java:20)
at HRMTEST.TESTNG1.beforeclass(TESTNG1.java:20)
at HRMTEST.TESTNG1.beforeclass(TESTNG1.java:20)
at HRMTEST.TESTNG1.beforeclass(TESTNG1.java:20)
at HRMTEST.TESTNG1.beforeclass(TESTNG1.java:20)
at HRMTEST.TESTNG1.beforeclass(TESTNG1.java:20)
at HRMTEST.TESTNG1.beforeclass(TESTNG1.java:20)
at HRMTEST.TESTNG1.beforeclass(TESTNG1.java:20)
at HRMTEST.TESTNG1.beforeclass(TESTNG1.java:20)
at HRMTEST.TESTNG1.beforeclass(TESTNG1.java:20)
at HRMTEST.TESTNG1.beforeclass(TESTNG1.java:20)
at HRMTEST.TESTNG1.beforeclass(TESTNG1.java:20)
at HRMTEST.TESTNG1.beforeclass(TESTNG1.java:20)
at HRMTEST.TESTNG1.beforeclass(TESTNG1.java:20)
at HRMTEST.TESTNG1.beforeclass(TESTNG1.java:20)
at HRMTEST.TESTNG1.beforeclass(TESTNG1.java:20)
at HRMTEST.TESTNG1.beforeclass(TESTNG1.java:20)
at HRMTEST.TESTNG1.beforeclass(TESTNG1.java:20)
at HRMTEST.TESTNG1.beforeclass(TESTNG1.java:20)
at HRMTEST.TESTNG1.beforeclass(TESTNG1.java:20)
at HRMTEST.TESTNG1.beforeclass(TESTNG1.java:20)
at HRMTEST.TESTNG1.beforeclass(TESTNG1.java:20)
at HRMTEST.TESTNG1.beforeclass(TESTNG1.java:20)
at HRMTEST.TESTNG1.beforeclass(TESTNG1.java:20)
at HRMTEST.TESTNG1.beforeclass(TESTNG1.java:20)
at HRMTEST.TESTNG1.beforeclass(TESTNG1.java:20)
at HRMTEST.TESTNG1.beforeclass(TESTNG1.java:20)
at HRMTEST.TESTNG1.beforeclass(TESTNG1.java:20)
at HRMTEST.TESTNG1.beforeclass(TESTNG1.java:20)
at HRMTEST.TESTNG1.beforeclass(TESTNG1.java:20)
at HRMTEST.TESTNG1.beforeclass(TESTNG1.java:20)
at HRMTEST.TESTNG1.beforeclass(TESTNG1.java:20)
at HRMTEST.TESTNG1.beforeclass(TESTNG1.java:20)
at HRMTEST.TESTNG1.beforeclass(TESTNG1.java:20)
at HRMTEST.TESTNG1.beforeclass(TESTNG1.java:20)
at HRMTEST.TESTNG1.beforeclass(TESTNG1.java:20)
at HRMTEST.TESTNG1.beforeclass(TESTNG1.java:20)
at HRMTEST.TESTNG1.beforeclass(TESTNG1.java:20)
at HRMTEST.TESTNG1.beforeclass(TESTNG1.java:20)
at HRMTEST.TESTNG1.beforeclass(TESTNG1.java:20)
at HRMTEST.TESTNG1.beforeclass(TESTNG1.java:20)
at HRMTEST.TESTNG1.beforeclass(TESTNG1.java:20)
at HRMTEST.TESTNG1.beforeclass(TESTNG1.java:20)
at HRMTEST.TESTNG1.beforeclass(TESTNG1.java:20)
at HRMTEST.TESTNG1.beforeclass(TESTNG1.java:20)
at HRMTEST.TESTNG1.beforeclass(TESTNG1.java:20)
at HRMTEST.TESTNG1.beforeclass(TESTNG1.java:20)
at HRMTEST.TESTNG1.beforeclass(TESTNG1.java:20)
at HRMTEST.TESTNG1.beforeclass(TESTNG1.java:20)
at HRMTEST.TESTNG1.beforeclass(TESTNG1.java:20)
at HRMTEST.TESTNG1.beforeclass(TESTNG1.java:20)
at HRMTEST.TESTNG1.beforeclass(TESTNG1.java:20)
at HRMTEST.TESTNG1.beforeclass(TESTNG1.java:20)
at HRMTEST.TESTNG1.beforeclass(TESTNG1.java:20)
at HRMTEST.TESTNG1.beforeclass(TESTNG1.java:20)
at HRMTEST.TESTNG1.beforeclass(TESTNG1.java:20)
at HRMTEST.TESTNG1.beforeclass(TESTNG1.java:20)
at HRMTEST.TESTNG1.beforeclass(TESTNG1.java:20)
at HRMTEST.TESTNG1.beforeclass(TESTNG1.java:20)
at HRMTEST.TESTNG1.beforeclass(TESTNG1.java:20)
at HRMTEST.TESTNG1.beforeclass(TESTNG1.java:20)
at HRMTEST.TESTNG1.beforeclass(TESTNG1.java:20)
at HRMTEST.TESTNG1.beforeclass(TESTNG1.java:20)
at HRMTEST.TESTNG1.beforeclass(TESTNG1.java:20)
at HRMTEST.TESTNG1.beforeclass(TESTNG1.java:20)
at HRMTEST.TESTNG1.beforeclass(TESTNG1.java:20)
at HRMTEST.TESTNG1.beforeclass(TESTNG1.java:20)
at HRMTEST.TESTNG1.beforeclass(TESTNG1.java:20)
at HRMTEST.TESTNG1.beforeclass(TESTNG1.java:20)
at HRMTEST.TESTNG1.beforeclass(TESTNG1.java:20)
at HRMTEST.TESTNG1.beforeclass(TESTNG1.java:20)
at HRMTEST.TESTNG1.beforeclass(TESTNG1.java:20)
at HRMTEST.TESTNG1.beforeclass(TESTNG1.java:20)
at HRMTEST.TESTNG1.beforeclass(TESTNG1.java:20)
at HRMTEST.TESTNG1.beforeclass(TESTNG1.java:20)
at HRMTEST.TESTNG1.beforeclass(TESTNG1.java:20)
at HRMTEST.TESTNG1.beforeclass(TESTNG1.java:20)
at HRMTEST.TESTNG1.beforeclass(TESTNG1.java:20)
at HRMTEST.TESTNG1.beforeclass(TESTNG1.java:20)
at HRMTEST.TESTNG1.beforeclass(TESTNG1.java:20)
at HRMTEST.TESTNG1.beforeclass(TESTNG1.java:20)
at HRMTEST.TESTNG1.beforeclass(TESTNG1.java:20)
at HRMTEST.TESTNG1.beforeclass(TESTNG1.java:20)
at HRMTEST.TESTNG1.beforeclass(TESTNG1.java:20)
at HRMTEST.TESTNG1.beforeclass(TESTNG1.java:20)
at HRMTEST.TESTNG1.beforeclass(TESTNG1.java:20)
at HRMTEST.TESTNG1.beforeclass(TESTNG1.java:20)
at HRMTEST.TESTNG1.beforeclass(TESTNG1.java:20)
at HRMTEST.TESTNG1.beforeclass(TESTNG1.java:20)
at HRMTEST.TESTNG1.beforeclass(TESTNG1.java:20)
at HRMTEST.TESTNG1.beforeclass(TESTNG1.java:20)
at HRMTEST.TESTNG1.beforeclass(TESTNG1.java:20)
at HRMTEST.TESTNG1.beforeclass(TESTNG1.java:20)
at HRMTEST.TESTNG1.beforeclass(TESTNG1.java:20)
at HRMTEST.TESTNG1.beforeclass(TESTNG1.java:20)
at HRMTEST.TESTNG1.beforeclass(TESTNG1.java:20)
at HRMTEST.TESTNG1.beforeclass(TESTNG1.java:20)
at HRMTEST.TESTNG1.beforeclass(TESTNG1.java:20)
at HRMTEST.TESTNG1.beforeclass(TESTNG1.java:20)
at HRMTEST.TESTNG1.beforeclass(TESTNG1.java:20)
at HRMTEST.TESTNG1.beforeclass(TESTNG1.java:20)
at HRMTEST.TESTNG1.beforeclass(TESTNG1.java:20)
at HRMTEST.TESTNG1.beforeclass(TESTNG1.java:20)
at HRMTEST.TESTNG1.beforeclass(TESTNG1.java:20)
at HRMTEST.TESTNG1.beforeclass(TESTNG1.java:20)
at HRMTEST.TESTNG1.beforeclass(TESTNG1.java:20)
at HRMTEST.TESTNG1.beforeclass(TESTNG1.java:20)
at HRMTEST.TESTNG1.beforeclass(TESTNG1.java:20)
at HRMTEST.TESTNG1.beforeclass(TESTNG1.java:20)
at HRMTEST.TESTNG1.beforeclass(TESTNG1.java:20)
at HRMTEST.TESTNG1.beforeclass(TESTNG1.java:20)
at HRMTEST.TESTNG1.beforeclass(TESTNG1.java:20)
at HRMTEST.TESTNG1.beforeclass(TESTNG1.java:20)
at HRMTEST.TESTNG1.beforeclass(TESTNG1.java:20)
at HRMTEST.TESTNG1.beforeclass(TESTNG1.java:20)
at HRMTEST.TESTNG1.beforeclass(TESTNG1.java:20)
at HRMTEST.TESTNG1.beforeclass(TESTNG1.java:20)
at HRMTEST.TESTNG1.beforeclass(TESTNG1.java:20)
at HRMTEST.TESTNG1.beforeclass(TESTNG1.java:20)
at HRMTEST.TESTNG1.beforeclass(TESTNG1.java:20)
at HRMTEST.TESTNG1.beforeclass(TESTNG1.java:20)
at HRMTEST.TESTNG1.beforeclass(TESTNG1.java:20)
at HRMTEST.TESTNG1.beforeclass(TESTNG1.java:20)
at HRMTEST.TESTNG1.beforeclass(TESTNG1.java:20)
at HRMTEST.TESTNG1.beforeclass(TESTNG1.java:20)
at HRMTEST.TESTNG1.beforeclass(TESTNG1.java:20)
at HRMTEST.TESTNG1.beforeclass(TESTNG1.java:20)
at HRMTEST.TESTNG1.beforeclass(TESTNG1.java:20)
at HRMTEST.TESTNG1.beforeclass(TESTNG1.java:20)
at HRMTEST.TESTNG1.beforeclass(TESTNG1.java:20)
at HRMTEST.TESTNG1.beforeclass(TESTNG1.java:20)
at HRMTEST.TESTNG1.beforeclass(TESTNG1.java:20)
at HRMTEST.TESTNG1.beforeclass(TESTNG1.java:20)
at HRMTEST.TESTNG1.beforeclass(TESTNG1.java:20)
at HRMTEST.TESTNG1.beforeclass(TESTNG1.java:20)
at HRMTEST.TESTNG1.beforeclass(TESTNG1.java:20)
at HRMTEST.TESTNG1.beforeclass(TESTNG1.java:20)
at HRMTEST.TESTNG1.beforeclass(TESTNG1.java:20)
]]>
    </failure>
  </testcase> <!-- @BeforeClass beforeclass -->
  <testcase classname="HRMTEST.TESTNG1" name="@AfterMethod aftermethod" time="-1.652335695748E9">
    <skipped/>
  </testcase> <!-- @AfterMethod aftermethod -->
  <testcase classname="HRMTEST.TESTNG1" name="@AfterMethod aftermethod" time="-1.652335695829E9">
    <skipped/>
  </testcase> <!-- @AfterMethod aftermethod -->
  <testcase classname="HRMTEST.TESTNG2" name="Myleave2" time="0.118">
    <failure type="java.lang.NullPointerException" message="Cannot invoke &amp;quot;org.openqa.selenium.SearchContext.findElement(org.openqa.selenium.By)&amp;quot; because &amp;quot;this.searchContext&amp;quot; is null">
      <![CDATA[java.lang.NullPointerException: Cannot invoke "org.openqa.selenium.SearchContext.findElement(org.openqa.selenium.By)" because "this.searchContext" is null
at org.openqa.selenium.support.pagefactory.DefaultElementLocator.findElement(DefaultElementLocator.java:69)
at org.openqa.selenium.support.pagefactory.internal.LocatingElementHandler.invoke(LocatingElementHandler.java:38)
at jdk.proxy2/jdk.proxy2.$Proxy12.click(Unknown Source)
at HRMProject.Leavelist1.mylive1(Leavelist1.java:43)
at HRMTEST.TESTNG2.Myleave2(TESTNG2.java:20)
at java.base/java.util.ArrayList.forEach(ArrayList.java:1511)
... Removed 27 stack frames]]>
    </failure>
  </testcase> <!-- Myleave2 -->
  <testcase classname="HRMTEST.TESTNG1" name="Loginpage" time="0.0">
    <skipped/>
  </testcase> <!-- Loginpage -->
  <testcase classname="HRMTEST.TESTNG1" name="AssignLeave" time="0.0">
    <skipped/>
  </testcase> <!-- AssignLeave -->
</testsuite> <!-- Test -->
