<?xml version="1.0" encoding="UTF-8"?>
<testng-results ignored="0" total="4" passed="4" failed="0" skipped="0">
  <reporter-output>
  </reporter-output>
  <suite started-at="2022-05-26T17:43:10 IST" name="Default suite" finished-at="2022-05-26T17:43:45 IST" duration-ms="35304">
    <groups>
    </groups>
    <test started-at="2022-05-26T17:43:10 IST" name="Default test" finished-at="2022-05-26T17:43:45 IST" duration-ms="35304">
      <class name="HRMTEST.TESTNG1">
        <test-method is-config="true" signature="beforeclass()[pri:0, instance:HRMTEST.TESTNG1@63355449]" started-at="2022-05-26T17:43:10 IST" name="beforeclass" finished-at="2022-05-26T17:43:20 IST" duration-ms="10139" status="PASS">
          <reporter-output>
          </reporter-output>
        </test-method> <!-- beforeclass -->
        <test-method signature="Loginpage1()[pri:1, instance:HRMTEST.TESTNG1@63355449]" started-at="2022-05-26T17:43:20 IST" name="Loginpage1" finished-at="2022-05-26T17:43:30 IST" duration-ms="9941" status="PASS">
          <reporter-output>
          </reporter-output>
        </test-method> <!-- Loginpage1 -->
        <test-method is-config="true" signature="aftermethod()[pri:0, instance:HRMTEST.TESTNG1@63355449]" started-at="2022-05-26T17:43:30 IST" name="aftermethod" finished-at="2022-05-26T17:43:31 IST" duration-ms="929" status="PASS">
          <reporter-output>
          </reporter-output>
        </test-method> <!-- aftermethod -->
        <test-method signature="AssignLeave()[pri:2, instance:HRMTEST.TESTNG1@63355449]" started-at="2022-05-26T17:43:31 IST" name="AssignLeave" finished-at="2022-05-26T17:43:37 IST" duration-ms="5437" status="PASS">
          <reporter-output>
          </reporter-output>
        </test-method> <!-- AssignLeave -->
        <test-method is-config="true" signature="aftermethod()[pri:0, instance:HRMTEST.TESTNG1@63355449]" started-at="2022-05-26T17:43:37 IST" name="aftermethod" finished-at="2022-05-26T17:43:38 IST" duration-ms="1153" status="PASS">
          <reporter-output>
          </reporter-output>
        </test-method> <!-- aftermethod -->
        <test-method signature="enterdate()[pri:3, instance:HRMTEST.TESTNG1@63355449]" started-at="2022-05-26T17:43:38 IST" name="enterdate" finished-at="2022-05-26T17:43:41 IST" duration-ms="3386" status="PASS">
          <reporter-output>
          </reporter-output>
        </test-method> <!-- enterdate -->
        <test-method is-config="true" signature="aftermethod()[pri:0, instance:HRMTEST.TESTNG1@63355449]" started-at="2022-05-26T17:43:41 IST" name="aftermethod" finished-at="2022-05-26T17:43:42 IST" duration-ms="1053" status="PASS">
          <reporter-output>
          </reporter-output>
        </test-method> <!-- aftermethod -->
        <test-method signature="timesheet()[pri:4, instance:HRMTEST.TESTNG1@63355449]" started-at="2022-05-26T17:43:42 IST" name="timesheet" finished-at="2022-05-26T17:43:44 IST" duration-ms="1750" status="PASS">
          <reporter-output>
          </reporter-output>
        </test-method> <!-- timesheet -->
        <test-method is-config="true" signature="aftermethod()[pri:0, instance:HRMTEST.TESTNG1@63355449]" started-at="2022-05-26T17:43:44 IST" name="aftermethod" finished-at="2022-05-26T17:43:45 IST" duration-ms="1109" status="PASS">
          <reporter-output>
          </reporter-output>
        </test-method> <!-- aftermethod -->
        <test-method is-config="true" signature="afterclass()[pri:0, instance:HRMTEST.TESTNG1@63355449]" started-at="2022-05-26T17:43:45 IST" name="afterclass" finished-at="2022-05-26T17:43:45 IST" duration-ms="263" status="PASS">
          <reporter-output>
          </reporter-output>
        </test-method> <!-- afterclass -->
      </class> <!-- HRMTEST.TESTNG1 -->
    </test> <!-- Default test -->
  </suite> <!-- Default suite -->
</testng-results>
